{"/Users/swathi.krishnan/WebstormProjects/toy-robot/src/index.ts": {"path":"/Users/swathi.krishnan/WebstormProjects/toy-robot/src/index.ts","statementMap":{"0":{"start":{"line":1,"column":0},"end":{"line":1,"column":25}},"1":{"start":{"line":2,"column":0},"end":{"line":2,"column":37}},"2":{"start":{"line":4,"column":0},"end":{"line":4,"column":37}},"3":{"start":{"line":8,"column":37},"end":{"line":28,"column":1}},"4":{"start":{"line":9,"column":4},"end":{"line":9,"column":32}},"5":{"start":{"line":10,"column":4},"end":{"line":10,"column":34}},"6":{"start":{"line":12,"column":4},"end":{"line":27,"column":6}},"7":{"start":{"line":8,"column":13},"end":{"line":8,"column":37}},"8":{"start":{"line":30,"column":27},"end":{"line":52,"column":1}},"9":{"start":{"line":31,"column":25},"end":{"line":46,"column":6}},"10":{"start":{"line":48,"column":4},"end":{"line":51,"column":7}},"11":{"start":{"line":49,"column":8},"end":{"line":49,"column":45}},"12":{"start":{"line":50,"column":8},"end":{"line":50,"column":39}},"13":{"start":{"line":30,"column":13},"end":{"line":30,"column":27}},"14":{"start":{"line":54,"column":30},"end":{"line":77,"column":1}},"15":{"start":{"line":55,"column":18},"end":{"line":55,"column":43}},"16":{"start":{"line":56,"column":4},"end":{"line":76,"column":5}},"17":{"start":{"line":58,"column":38},"end":{"line":58,"column":57}},"18":{"start":{"line":59,"column":12},"end":{"line":59,"column":74}},"19":{"start":{"line":60,"column":12},"end":{"line":60,"column":18}},"20":{"start":{"line":63,"column":12},"end":{"line":63,"column":25}},"21":{"start":{"line":64,"column":12},"end":{"line":64,"column":18}},"22":{"start":{"line":66,"column":12},"end":{"line":66,"column":25}},"23":{"start":{"line":67,"column":12},"end":{"line":67,"column":18}},"24":{"start":{"line":69,"column":12},"end":{"line":69,"column":26}},"25":{"start":{"line":70,"column":12},"end":{"line":70,"column":18}},"26":{"start":{"line":72,"column":12},"end":{"line":72,"column":27}},"27":{"start":{"line":73,"column":12},"end":{"line":73,"column":18}},"28":{"start":{"line":75,"column":12},"end":{"line":75,"column":43}},"29":{"start":{"line":54,"column":13},"end":{"line":54,"column":30}},"30":{"start":{"line":80,"column":35},"end":{"line":85,"column":1}},"31":{"start":{"line":81,"column":21},"end":{"line":81,"column":67}},"32":{"start":{"line":82,"column":4},"end":{"line":84,"column":7}},"33":{"start":{"line":83,"column":8},"end":{"line":83,"column":52}},"34":{"start":{"line":83,"column":21},"end":{"line":83,"column":52}},"35":{"start":{"line":80,"column":13},"end":{"line":80,"column":35}},"36":{"start":{"line":88,"column":38},"end":{"line":105,"column":1}},"37":{"start":{"line":89,"column":15},"end":{"line":93,"column":6}},"38":{"start":{"line":95,"column":4},"end":{"line":104,"column":7}},"39":{"start":{"line":96,"column":8},"end":{"line":100,"column":9}},"40":{"start":{"line":97,"column":12},"end":{"line":97,"column":23}},"41":{"start":{"line":99,"column":12},"end":{"line":99,"column":41}},"42":{"start":{"line":102,"column":8},"end":{"line":102,"column":56}},"43":{"start":{"line":103,"column":8},"end":{"line":103,"column":24}},"44":{"start":{"line":88,"column":13},"end":{"line":88,"column":38}},"45":{"start":{"line":108,"column":13},"end":{"line":135,"column":1}},"46":{"start":{"line":109,"column":18},"end":{"line":109,"column":29}},"47":{"start":{"line":110,"column":17},"end":{"line":110,"column":38}},"48":{"start":{"line":111,"column":25},"end":{"line":111,"column":47}},"49":{"start":{"line":114,"column":4},"end":{"line":114,"column":28}},"50":{"start":{"line":116,"column":4},"end":{"line":119,"column":5}},"51":{"start":{"line":117,"column":8},"end":{"line":117,"column":32}},"52":{"start":{"line":118,"column":8},"end":{"line":118,"column":15}},"53":{"start":{"line":122,"column":4},"end":{"line":126,"column":5}},"54":{"start":{"line":123,"column":8},"end":{"line":123,"column":44}},"55":{"start":{"line":124,"column":8},"end":{"line":124,"column":27}},"56":{"start":{"line":125,"column":8},"end":{"line":125,"column":15}},"57":{"start":{"line":129,"column":4},"end":{"line":134,"column":5}},"58":{"start":{"line":130,"column":25},"end":{"line":130,"column":47}},"59":{"start":{"line":131,"column":8},"end":{"line":131,"column":45}},"60":{"start":{"line":133,"column":8},"end":{"line":133,"column":38}},"61":{"start":{"line":137,"column":0},"end":{"line":137,"column":7}}},"fnMap":{"0":{"name":"(anonymous_6)","decl":{"start":{"line":8,"column":37},"end":{"line":8,"column":46}},"loc":{"start":{"line":8,"column":48},"end":{"line":28,"column":1}}},"1":{"name":"(anonymous_7)","decl":{"start":{"line":30,"column":27},"end":{"line":30,"column":28}},"loc":{"start":{"line":30,"column":50},"end":{"line":52,"column":1}}},"2":{"name":"(anonymous_8)","decl":{"start":{"line":48,"column":25},"end":{"line":48,"column":26}},"loc":{"start":{"line":48,"column":37},"end":{"line":51,"column":5}}},"3":{"name":"(anonymous_9)","decl":{"start":{"line":54,"column":30},"end":{"line":54,"column":31}},"loc":{"start":{"line":54,"column":70},"end":{"line":77,"column":1}}},"4":{"name":"(anonymous_10)","decl":{"start":{"line":80,"column":35},"end":{"line":80,"column":36}},"loc":{"start":{"line":80,"column":76},"end":{"line":85,"column":1}}},"5":{"name":"(anonymous_11)","decl":{"start":{"line":82,"column":21},"end":{"line":82,"column":22}},"loc":{"start":{"line":82,"column":33},"end":{"line":84,"column":5}}},"6":{"name":"(anonymous_12)","decl":{"start":{"line":88,"column":38},"end":{"line":88,"column":39}},"loc":{"start":{"line":88,"column":61},"end":{"line":105,"column":1}}},"7":{"name":"(anonymous_13)","decl":{"start":{"line":95,"column":18},"end":{"line":95,"column":19}},"loc":{"start":{"line":95,"column":28},"end":{"line":101,"column":5}}},"8":{"name":"(anonymous_14)","decl":{"start":{"line":101,"column":19},"end":{"line":101,"column":22}},"loc":{"start":{"line":101,"column":24},"end":{"line":104,"column":5}}},"9":{"name":"(anonymous_15)","decl":{"start":{"line":108,"column":13},"end":{"line":108,"column":16}},"loc":{"start":{"line":108,"column":18},"end":{"line":135,"column":1}}}},"branchMap":{"0":{"loc":{"start":{"line":56,"column":4},"end":{"line":76,"column":5}},"type":"switch","locations":[{"start":{"line":57,"column":8},"end":{"line":61,"column":9}},{"start":{"line":62,"column":8},"end":{"line":64,"column":18}},{"start":{"line":65,"column":8},"end":{"line":67,"column":18}},{"start":{"line":68,"column":8},"end":{"line":70,"column":18}},{"start":{"line":71,"column":8},"end":{"line":73,"column":18}},{"start":{"line":74,"column":8},"end":{"line":75,"column":43}}]},"1":{"loc":{"start":{"line":83,"column":8},"end":{"line":83,"column":52}},"type":"if","locations":[{"start":{"line":83,"column":8},"end":{"line":83,"column":52}}]},"2":{"loc":{"start":{"line":96,"column":8},"end":{"line":100,"column":9}},"type":"if","locations":[{"start":{"line":96,"column":8},"end":{"line":100,"column":9}},{"start":{"line":98,"column":15},"end":{"line":100,"column":9}}]},"3":{"loc":{"start":{"line":96,"column":12},"end":{"line":96,"column":45}},"type":"binary-expr","locations":[{"start":{"line":96,"column":12},"end":{"line":96,"column":28}},{"start":{"line":96,"column":32},"end":{"line":96,"column":45}}]},"4":{"loc":{"start":{"line":116,"column":4},"end":{"line":119,"column":5}},"type":"if","locations":[{"start":{"line":116,"column":4},"end":{"line":119,"column":5}}]},"5":{"loc":{"start":{"line":122,"column":4},"end":{"line":126,"column":5}},"type":"if","locations":[{"start":{"line":122,"column":4},"end":{"line":126,"column":5}}]},"6":{"loc":{"start":{"line":129,"column":4},"end":{"line":134,"column":5}},"type":"if","locations":[{"start":{"line":129,"column":4},"end":{"line":134,"column":5}},{"start":{"line":132,"column":11},"end":{"line":134,"column":5}}]},"7":{"loc":{"start":{"line":129,"column":8},"end":{"line":129,"column":53}},"type":"binary-expr","locations":[{"start":{"line":129,"column":8},"end":{"line":129,"column":27}},{"start":{"line":129,"column":31},"end":{"line":129,"column":53}}]}},"s":{"0":1,"1":1,"2":1,"3":1,"4":3,"5":3,"6":3,"7":1,"8":1,"9":1,"10":1,"11":14,"12":14,"13":1,"14":1,"15":24,"16":24,"17":7,"18":7,"19":7,"20":8,"21":8,"22":1,"23":1,"24":1,"25":1,"26":6,"27":6,"28":1,"29":1,"30":1,"31":1,"32":1,"33":3,"34":3,"35":1,"36":1,"37":1,"38":1,"39":0,"40":0,"41":0,"42":0,"43":0,"44":1,"45":1,"46":1,"47":1,"48":1,"49":1,"50":1,"51":0,"52":0,"53":1,"54":0,"55":0,"56":0,"57":1,"58":0,"59":0,"60":1,"61":1},"f":{"0":3,"1":1,"2":14,"3":24,"4":1,"5":3,"6":1,"7":0,"8":0,"9":1},"b":{"0":[7,8,1,1,6,1],"1":[3],"2":[0,0],"3":[0,0],"4":[0],"5":[0],"6":[0,1],"7":[1,0]}}
,"/Users/swathi.krishnan/WebstormProjects/toy-robot/src/enums/Direction.ts": {"path":"/Users/swathi.krishnan/WebstormProjects/toy-robot/src/enums/Direction.ts","statementMap":{"0":{"start":{"line":1,"column":0},"end":{"line":1,"column":null}},"1":{"start":{"line":2,"column":4},"end":{"line":2,"column":null}},"2":{"start":{"line":3,"column":4},"end":{"line":3,"column":null}},"3":{"start":{"line":4,"column":4},"end":{"line":4,"column":null}},"4":{"start":{"line":5,"column":4},"end":{"line":5,"column":null}}},"fnMap":{"0":{"name":"(anonymous_0)","decl":{"start":{"line":1,"column":0},"end":{"line":1,"column":12}},"loc":{"start":{"line":1,"column":21},"end":{"line":6,"column":1}}}},"branchMap":{"0":{"loc":{"start":{"line":1,"column":12},"end":{"line":1,"column":null}},"type":"binary-expr","locations":[{"start":{"line":1,"column":12},"end":{"line":1,"column":21}},{"start":{"line":1,"column":21},"end":{"line":1,"column":null}}]}},"s":{"0":2,"1":2,"2":2,"3":2,"4":2},"f":{"0":2},"b":{"0":[2,2]}}
,"/Users/swathi.krishnan/WebstormProjects/toy-robot/src/models/Robot.ts": {"path":"/Users/swathi.krishnan/WebstormProjects/toy-robot/src/models/Robot.ts","statementMap":{"0":{"start":{"line":1,"column":0},"end":{"line":1,"column":45}},"1":{"start":{"line":5,"column":12},"end":{"line":5,"column":35}},"2":{"start":{"line":6,"column":12},"end":{"line":6,"column":35}},"3":{"start":{"line":7,"column":12},"end":{"line":7,"column":42}},"4":{"start":{"line":8,"column":12},"end":{"line":8,"column":33}},"5":{"start":{"line":11,"column":8},"end":{"line":11,"column":61}},"6":{"start":{"line":15,"column":8},"end":{"line":18,"column":9}},"7":{"start":{"line":16,"column":12},"end":{"line":16,"column":92}},"8":{"start":{"line":17,"column":12},"end":{"line":17,"column":19}},"9":{"start":{"line":20,"column":8},"end":{"line":23,"column":9}},"10":{"start":{"line":21,"column":12},"end":{"line":21,"column":83}},"11":{"start":{"line":22,"column":12},"end":{"line":22,"column":19}},"12":{"start":{"line":25,"column":8},"end":{"line":25,"column":19}},"13":{"start":{"line":26,"column":8},"end":{"line":26,"column":19}},"14":{"start":{"line":27,"column":8},"end":{"line":27,"column":29}},"15":{"start":{"line":31,"column":8},"end":{"line":34,"column":9}},"16":{"start":{"line":32,"column":12},"end":{"line":32,"column":69}},"17":{"start":{"line":33,"column":12},"end":{"line":33,"column":19}},"18":{"start":{"line":36,"column":19},"end":{"line":36,"column":25}},"19":{"start":{"line":37,"column":19},"end":{"line":37,"column":25}},"20":{"start":{"line":38,"column":8},"end":{"line":51,"column":9}},"21":{"start":{"line":40,"column":16},"end":{"line":40,"column":26}},"22":{"start":{"line":41,"column":16},"end":{"line":41,"column":22}},"23":{"start":{"line":43,"column":16},"end":{"line":43,"column":26}},"24":{"start":{"line":44,"column":16},"end":{"line":44,"column":22}},"25":{"start":{"line":46,"column":16},"end":{"line":46,"column":26}},"26":{"start":{"line":47,"column":16},"end":{"line":47,"column":22}},"27":{"start":{"line":49,"column":16},"end":{"line":49,"column":26}},"28":{"start":{"line":50,"column":16},"end":{"line":50,"column":22}},"29":{"start":{"line":53,"column":8},"end":{"line":58,"column":9}},"30":{"start":{"line":54,"column":12},"end":{"line":54,"column":26}},"31":{"start":{"line":55,"column":12},"end":{"line":55,"column":26}},"32":{"start":{"line":57,"column":12},"end":{"line":57,"column":93}},"33":{"start":{"line":62,"column":8},"end":{"line":75,"column":9}},"34":{"start":{"line":64,"column":16},"end":{"line":64,"column":46}},"35":{"start":{"line":65,"column":16},"end":{"line":65,"column":22}},"36":{"start":{"line":67,"column":16},"end":{"line":67,"column":47}},"37":{"start":{"line":68,"column":16},"end":{"line":68,"column":22}},"38":{"start":{"line":70,"column":16},"end":{"line":70,"column":46}},"39":{"start":{"line":71,"column":16},"end":{"line":71,"column":22}},"40":{"start":{"line":73,"column":16},"end":{"line":73,"column":47}},"41":{"start":{"line":74,"column":16},"end":{"line":74,"column":22}},"42":{"start":{"line":79,"column":8},"end":{"line":92,"column":9}},"43":{"start":{"line":81,"column":16},"end":{"line":81,"column":46}},"44":{"start":{"line":82,"column":16},"end":{"line":82,"column":22}},"45":{"start":{"line":84,"column":16},"end":{"line":84,"column":47}},"46":{"start":{"line":85,"column":16},"end":{"line":85,"column":22}},"47":{"start":{"line":87,"column":16},"end":{"line":87,"column":46}},"48":{"start":{"line":88,"column":16},"end":{"line":88,"column":22}},"49":{"start":{"line":90,"column":16},"end":{"line":90,"column":47}},"50":{"start":{"line":91,"column":16},"end":{"line":91,"column":22}},"51":{"start":{"line":96,"column":8},"end":{"line":98,"column":9}},"52":{"start":{"line":97,"column":12},"end":{"line":97,"column":70}},"53":{"start":{"line":102,"column":8},"end":{"line":102,"column":76}},"54":{"start":{"line":4,"column":0},"end":{"line":4,"column":13}}},"fnMap":{"0":{"name":"(anonymous_0)","decl":{"start":{"line":4,"column":0},"end":{"line":4,"column":13}},"loc":{"start":{"line":4,"column":0},"end":{"line":104,"column":1}}},"1":{"name":"(anonymous_1)","decl":{"start":{"line":10,"column":4},"end":{"line":10,"column":15}},"loc":{"start":{"line":10,"column":15},"end":{"line":12,"column":5}}},"2":{"name":"(anonymous_2)","decl":{"start":{"line":14,"column":4},"end":{"line":14,"column":9}},"loc":{"start":{"line":14,"column":49},"end":{"line":28,"column":5}}},"3":{"name":"(anonymous_3)","decl":{"start":{"line":30,"column":4},"end":{"line":30,"column":8}},"loc":{"start":{"line":30,"column":8},"end":{"line":59,"column":5}}},"4":{"name":"(anonymous_4)","decl":{"start":{"line":61,"column":5},"end":{"line":61,"column":10}},"loc":{"start":{"line":61,"column":10},"end":{"line":76,"column":5}}},"5":{"name":"(anonymous_5)","decl":{"start":{"line":78,"column":5},"end":{"line":78,"column":9}},"loc":{"start":{"line":78,"column":9},"end":{"line":93,"column":5}}},"6":{"name":"(anonymous_6)","decl":{"start":{"line":95,"column":4},"end":{"line":95,"column":10}},"loc":{"start":{"line":95,"column":10},"end":{"line":99,"column":5}}},"7":{"name":"(anonymous_7)","decl":{"start":{"line":101,"column":12},"end":{"line":101,"column":27}},"loc":{"start":{"line":101,"column":48},"end":{"line":103,"column":5}}}},"branchMap":{"0":{"loc":{"start":{"line":15,"column":8},"end":{"line":18,"column":9}},"type":"if","locations":[{"start":{"line":15,"column":8},"end":{"line":18,"column":9}}]},"1":{"loc":{"start":{"line":20,"column":8},"end":{"line":23,"column":9}},"type":"if","locations":[{"start":{"line":20,"column":8},"end":{"line":23,"column":9}}]},"2":{"loc":{"start":{"line":31,"column":8},"end":{"line":34,"column":9}},"type":"if","locations":[{"start":{"line":31,"column":8},"end":{"line":34,"column":9}}]},"3":{"loc":{"start":{"line":31,"column":12},"end":{"line":31,"column":70}},"type":"binary-expr","locations":[{"start":{"line":31,"column":12},"end":{"line":31,"column":27}},{"start":{"line":31,"column":31},"end":{"line":31,"column":46}},{"start":{"line":31,"column":50},"end":{"line":31,"column":70}}]},"4":{"loc":{"start":{"line":38,"column":8},"end":{"line":51,"column":9}},"type":"switch","locations":[{"start":{"line":39,"column":12},"end":{"line":41,"column":22}},{"start":{"line":42,"column":12},"end":{"line":44,"column":22}},{"start":{"line":45,"column":12},"end":{"line":47,"column":22}},{"start":{"line":48,"column":12},"end":{"line":50,"column":22}}]},"5":{"loc":{"start":{"line":53,"column":8},"end":{"line":58,"column":9}},"type":"if","locations":[{"start":{"line":53,"column":8},"end":{"line":58,"column":9}},{"start":{"line":56,"column":15},"end":{"line":58,"column":9}}]},"6":{"loc":{"start":{"line":62,"column":8},"end":{"line":75,"column":9}},"type":"switch","locations":[{"start":{"line":63,"column":12},"end":{"line":65,"column":22}},{"start":{"line":66,"column":12},"end":{"line":68,"column":22}},{"start":{"line":69,"column":12},"end":{"line":71,"column":22}},{"start":{"line":72,"column":12},"end":{"line":74,"column":22}}]},"7":{"loc":{"start":{"line":79,"column":8},"end":{"line":92,"column":9}},"type":"switch","locations":[{"start":{"line":80,"column":12},"end":{"line":82,"column":22}},{"start":{"line":83,"column":12},"end":{"line":85,"column":22}},{"start":{"line":86,"column":12},"end":{"line":88,"column":22}},{"start":{"line":89,"column":12},"end":{"line":91,"column":22}}]},"8":{"loc":{"start":{"line":96,"column":8},"end":{"line":98,"column":9}},"type":"if","locations":[{"start":{"line":96,"column":8},"end":{"line":98,"column":9}}]},"9":{"loc":{"start":{"line":96,"column":12},"end":{"line":96,"column":70}},"type":"binary-expr","locations":[{"start":{"line":96,"column":12},"end":{"line":96,"column":27}},{"start":{"line":96,"column":31},"end":{"line":96,"column":46}},{"start":{"line":96,"column":50},"end":{"line":96,"column":70}}]},"10":{"loc":{"start":{"line":102,"column":15},"end":{"line":102,"column":75}},"type":"binary-expr","locations":[{"start":{"line":102,"column":15},"end":{"line":102,"column":21}},{"start":{"line":102,"column":25},"end":{"line":102,"column":43}},{"start":{"line":102,"column":47},"end":{"line":102,"column":53}},{"start":{"line":102,"column":57},"end":{"line":102,"column":75}}]}},"s":{"0":2,"1":26,"2":26,"3":26,"4":26,"5":2,"6":23,"7":1,"8":1,"9":22,"10":1,"11":1,"12":21,"13":21,"14":21,"15":15,"16":1,"17":1,"18":14,"19":14,"20":14,"21":5,"22":5,"23":2,"24":2,"25":5,"26":5,"27":2,"28":2,"29":14,"30":13,"31":13,"32":1,"33":6,"34":2,"35":2,"36":1,"37":1,"38":2,"39":2,"40":1,"41":1,"42":5,"43":1,"44":1,"45":1,"46":1,"47":1,"48":1,"49":2,"50":2,"51":6,"52":5,"53":37,"54":2},"f":{"0":26,"1":2,"2":23,"3":15,"4":6,"5":5,"6":6,"7":37},"b":{"0":[1],"1":[1],"2":[1],"3":[15,14,14],"4":[5,2,5,2],"5":[13,1],"6":[2,1,2,1],"7":[1,1,1,2],"8":[5],"9":[6,5,5],"10":[37,37,36,36]}}
}
