TN:
SF:src/index.ts
FN:8,(anonymous_6)
FN:30,(anonymous_7)
FN:48,(anonymous_8)
FN:54,(anonymous_9)
FN:80,(anonymous_10)
FN:82,(anonymous_11)
FN:88,(anonymous_12)
FN:95,(anonymous_13)
FN:101,(anonymous_14)
FN:108,(anonymous_15)
FNF:10
FNH:8
FNDA:3,(anonymous_6)
FNDA:1,(anonymous_7)
FNDA:14,(anonymous_8)
FNDA:24,(anonymous_9)
FNDA:1,(anonymous_10)
FNDA:3,(anonymous_11)
FNDA:1,(anonymous_12)
FNDA:0,(anonymous_13)
FNDA:0,(anonymous_14)
FNDA:1,(anonymous_15)
DA:1,1
DA:2,1
DA:4,1
DA:8,1
DA:9,3
DA:10,3
DA:12,3
DA:30,1
DA:31,1
DA:48,1
DA:49,14
DA:50,14
DA:54,1
DA:55,24
DA:56,24
DA:58,7
DA:59,7
DA:60,7
DA:63,8
DA:64,8
DA:66,1
DA:67,1
DA:69,1
DA:70,1
DA:72,6
DA:73,6
DA:75,1
DA:80,1
DA:81,1
DA:82,1
DA:83,3
DA:88,1
DA:89,1
DA:95,1
DA:96,0
DA:97,0
DA:99,0
DA:102,0
DA:103,0
DA:108,1
DA:109,1
DA:110,1
DA:111,1
DA:114,1
DA:116,1
DA:117,0
DA:118,0
DA:122,1
DA:123,0
DA:124,0
DA:125,0
DA:129,1
DA:130,0
DA:131,0
DA:133,1
DA:137,1
LF:56
LH:44
BRDA:56,0,0,7
BRDA:56,0,1,8
BRDA:56,0,2,1
BRDA:56,0,3,1
BRDA:56,0,4,6
BRDA:56,0,5,1
BRDA:83,1,0,3
BRDA:96,2,0,0
BRDA:96,2,1,0
BRDA:96,3,0,0
BRDA:96,3,1,0
BRDA:116,4,0,0
BRDA:122,5,0,0
BRDA:129,6,0,0
BRDA:129,6,1,1
BRDA:129,7,0,1
BRDA:129,7,1,0
BRF:17
BRH:9
end_of_record
TN:
SF:src/enums/Direction.ts
FN:1,(anonymous_0)
FNF:1
FNH:1
FNDA:2,(anonymous_0)
DA:1,2
DA:2,2
DA:3,2
DA:4,2
DA:5,2
LF:5
LH:5
BRDA:1,0,0,2
BRDA:1,0,1,2
BRF:2
BRH:2
end_of_record
TN:
SF:src/models/Robot.ts
FN:4,(anonymous_0)
FN:10,(anonymous_1)
FN:14,(anonymous_2)
FN:30,(anonymous_3)
FN:61,(anonymous_4)
FN:78,(anonymous_5)
FN:95,(anonymous_6)
FN:101,(anonymous_7)
FNF:8
FNH:8
FNDA:26,(anonymous_0)
FNDA:2,(anonymous_1)
FNDA:23,(anonymous_2)
FNDA:15,(anonymous_3)
FNDA:6,(anonymous_4)
FNDA:5,(anonymous_5)
FNDA:6,(anonymous_6)
FNDA:37,(anonymous_7)
DA:1,2
DA:4,2
DA:5,26
DA:6,26
DA:7,26
DA:8,26
DA:11,2
DA:15,23
DA:16,1
DA:17,1
DA:20,22
DA:21,1
DA:22,1
DA:25,21
DA:26,21
DA:27,21
DA:31,15
DA:32,1
DA:33,1
DA:36,14
DA:37,14
DA:38,14
DA:40,5
DA:41,5
DA:43,2
DA:44,2
DA:46,5
DA:47,5
DA:49,2
DA:50,2
DA:53,14
DA:54,13
DA:55,13
DA:57,1
DA:62,6
DA:64,2
DA:65,2
DA:67,1
DA:68,1
DA:70,2
DA:71,2
DA:73,1
DA:74,1
DA:79,5
DA:81,1
DA:82,1
DA:84,1
DA:85,1
DA:87,1
DA:88,1
DA:90,2
DA:91,2
DA:96,6
DA:97,5
DA:102,37
LF:55
LH:55
BRDA:15,0,0,1
BRDA:20,1,0,1
BRDA:31,2,0,1
BRDA:31,3,0,15
BRDA:31,3,1,14
BRDA:31,3,2,14
BRDA:38,4,0,5
BRDA:38,4,1,2
BRDA:38,4,2,5
BRDA:38,4,3,2
BRDA:53,5,0,13
BRDA:53,5,1,1
BRDA:62,6,0,2
BRDA:62,6,1,1
BRDA:62,6,2,2
BRDA:62,6,3,1
BRDA:79,7,0,1
BRDA:79,7,1,1
BRDA:79,7,2,1
BRDA:79,7,3,2
BRDA:96,8,0,5
BRDA:96,9,0,6
BRDA:96,9,1,5
BRDA:96,9,2,5
BRDA:102,10,0,37
BRDA:102,10,1,37
BRDA:102,10,2,36
BRDA:102,10,3,36
BRF:28
BRH:28
end_of_record
