TN:
SF:src/index.ts
FN:10,(anonymous_6)
FN:38,(anonymous_7)
FN:56,(anonymous_8)
FN:69,(anonymous_9)
FN:101,(anonymous_10)
FN:103,(anonymous_11)
FN:114,(anonymous_12)
FN:121,(anonymous_13)
FN:127,(anonymous_14)
FN:138,(anonymous_15)
FNF:10
FNH:8
FNDA:3,(anonymous_6)
FNDA:1,(anonymous_7)
FNDA:14,(anonymous_8)
FNDA:24,(anonymous_9)
FNDA:1,(anonymous_10)
FNDA:3,(anonymous_11)
FNDA:1,(anonymous_12)
FNDA:0,(anonymous_13)
FNDA:0,(anonymous_14)
FNDA:1,(anonymous_15)
DA:1,1
DA:2,1
DA:4,1
DA:10,1
DA:11,3
DA:12,3
DA:14,3
DA:38,1
DA:39,1
DA:56,1
DA:57,14
DA:58,14
DA:69,1
DA:70,24
DA:71,24
DA:73,7
DA:74,7
DA:75,7
DA:78,8
DA:79,8
DA:81,1
DA:82,1
DA:84,1
DA:85,1
DA:87,6
DA:88,6
DA:90,1
DA:101,1
DA:102,1
DA:103,1
DA:104,3
DA:114,1
DA:115,1
DA:121,1
DA:122,0
DA:123,0
DA:125,0
DA:128,0
DA:129,0
DA:138,1
DA:139,1
DA:140,1
DA:141,1
DA:144,1
DA:146,1
DA:147,0
DA:148,0
DA:152,1
DA:153,0
DA:154,0
DA:155,0
DA:159,1
DA:160,0
DA:161,0
DA:163,1
DA:167,1
LF:56
LH:44
BRDA:71,0,0,7
BRDA:71,0,1,8
BRDA:71,0,2,1
BRDA:71,0,3,1
BRDA:71,0,4,6
BRDA:71,0,5,1
BRDA:104,1,0,3
BRDA:122,2,0,0
BRDA:122,2,1,0
BRDA:122,3,0,0
BRDA:122,3,1,0
BRDA:146,4,0,0
BRDA:152,5,0,0
BRDA:159,6,0,0
BRDA:159,6,1,1
BRDA:159,7,0,1
BRDA:159,7,1,0
BRF:17
BRH:9
end_of_record
TN:
SF:src/enums/Direction.ts
FN:1,(anonymous_0)
FNF:1
FNH:1
FNDA:2,(anonymous_0)
DA:1,2
DA:2,2
DA:3,2
DA:4,2
DA:5,2
LF:5
LH:5
BRDA:1,0,0,2
BRDA:1,0,1,2
BRF:2
BRH:2
end_of_record
TN:
SF:src/models/Robot.ts
FN:4,(anonymous_0)
FN:13,(anonymous_1)
FN:25,(anonymous_2)
FN:45,(anonymous_3)
FN:79,(anonymous_4)
FN:99,(anonymous_5)
FN:120,(anonymous_6)
FN:133,(anonymous_7)
FNF:8
FNH:8
FNDA:26,(anonymous_0)
FNDA:2,(anonymous_1)
FNDA:23,(anonymous_2)
FNDA:15,(anonymous_3)
FNDA:6,(anonymous_4)
FNDA:5,(anonymous_5)
FNDA:6,(anonymous_6)
FNDA:37,(anonymous_7)
DA:1,2
DA:4,2
DA:5,26
DA:6,26
DA:7,26
DA:8,26
DA:14,2
DA:26,23
DA:27,1
DA:28,1
DA:31,22
DA:32,1
DA:33,1
DA:36,21
DA:37,21
DA:38,21
DA:46,15
DA:47,1
DA:48,1
DA:51,14
DA:52,14
DA:53,14
DA:55,5
DA:56,5
DA:58,2
DA:59,2
DA:61,5
DA:62,5
DA:64,2
DA:65,2
DA:68,14
DA:69,13
DA:70,13
DA:72,1
DA:80,6
DA:82,2
DA:83,2
DA:85,1
DA:86,1
DA:88,2
DA:89,2
DA:91,1
DA:92,1
DA:100,5
DA:102,1
DA:103,1
DA:105,1
DA:106,1
DA:108,1
DA:109,1
DA:111,2
DA:112,2
DA:121,6
DA:122,5
DA:134,37
LF:55
LH:55
BRDA:26,0,0,1
BRDA:31,1,0,1
BRDA:46,2,0,1
BRDA:46,3,0,15
BRDA:46,3,1,14
BRDA:46,3,2,14
BRDA:53,4,0,5
BRDA:53,4,1,2
BRDA:53,4,2,5
BRDA:53,4,3,2
BRDA:68,5,0,13
BRDA:68,5,1,1
BRDA:80,6,0,2
BRDA:80,6,1,1
BRDA:80,6,2,2
BRDA:80,6,3,1
BRDA:100,7,0,1
BRDA:100,7,1,1
BRDA:100,7,2,1
BRDA:100,7,3,2
BRDA:121,8,0,5
BRDA:121,9,0,6
BRDA:121,9,1,5
BRDA:121,9,2,5
BRDA:134,10,0,37
BRDA:134,10,1,37
BRDA:134,10,2,36
BRDA:134,10,3,36
BRF:28
BRH:28
end_of_record
